{
  "RSpec": {
    "coverage": {
      "/home/random/Dropbox/Code/Projects/Sudoku/Ruby/spec/sudoku_spec.rb": [
        1,
        null,
        null,
        1,
        1,
        3,
        3,
        null,
        null,
        null,
        null,
        null,
        null,
        null,
        null,
        null,
        null,
        1,
        1,
        1,
        null,
        null,
        1,
        1,
        1,
        null,
        null,
        null,
        1,
        1,
        1,
        null,
        null,
        null,
        null
      ],
      "/home/random/Dropbox/Code/Projects/Sudoku/Ruby/lib/sudoku.rb": [
        null,
        null,
        1,
        1,
        null,
        1,
        3,
        null,
        null,
        1,
        null,
        2,
        null,
        null,
        2,
        null,
        null
      ]
    },
    "timestamp": 1562242723
  }
}
